#
# There is insufficient memory for the Java Runtime Environment to continue.
# Native memory allocation (malloc) failed to allocate 899856 bytes for Chunk::new
# Possible reasons:
#   The system is out of physical RAM or swap space
#   The process is running with CompressedOops enabled, and the Java Heap may be blocking the growth of the native heap
# Possible solutions:
#   Reduce memory load on the system
#   Increase physical memory or swap space
#   Check if swap backing store is full
#   Decrease Java heap size (-Xmx/-Xms)
#   Decrease number of Java threads
#   Decrease Java thread stack sizes (-Xss)
#   Set larger code cache with -XX:ReservedCodeCacheSize=
#   JVM is running with Unscaled Compressed Oops mode in which the Java heap is
#     placed in the first 4GB address space. The Java Heap base address is the
#     maximum limit for the native heap growth. Please use -XX:HeapBaseMinAddress
#     to set the Java Heap base and to place the Java Heap above 4GB virtual address.
# This output file may be truncated or incomplete.
#
#  Out of Memory Error (allocation.cpp:389), pid=22028, tid=0x000000000000bf08
#
# JRE version: OpenJDK Runtime Environment (8.0_242-b01) (build 1.8.0_242-release-1644-b01)
# Java VM: OpenJDK 64-Bit Server VM (25.242-b01 mixed mode windows-amd64 compressed oops)
# Failed to write core dump. Minidumps are not enabled by default on client versions of Windows
#

---------------  T H R E A D  ---------------

Current thread (0x00000000177c5000):  JavaThread "C2 CompilerThread2" daemon [_thread_in_native, id=48904, stack(0x0000000018280000,0x0000000018380000)]

Stack: [0x0000000018280000,0x0000000018380000]
[error occurred during error reporting (printing stack bounds), id 0xc0000005]

Native frames: (J=compiled Java code, j=interpreted, Vv=VM code, C=native code)


Current CompileTask:
C2:  24429 5164       4       com.sun.beans.TypeResolver::resolve (37 bytes)


---------------  P R O C E S S  ---------------

Java Threads: ( => current thread )
  0x000000001c642800 JavaThread "Cache worker for Build Output Cleanup Cache (C:\Users\PR20140369\MyOrientation\DoMap\.gradle\buildOutputCleanup)" [_thread_blocked, id=47364, stack(0x0000000022bb0000,0x0000000022cb0000)]
  0x000000001c63a800 JavaThread "Build operations Thread 8" [_thread_blocked, id=46884, stack(0x00000000226b0000,0x00000000227b0000)]
  0x000000001c63b000 JavaThread "Build operations Thread 7" [_thread_blocked, id=30624, stack(0x00000000225b0000,0x00000000226b0000)]
  0x000000001c641000 JavaThread "Build operations Thread 6" [_thread_blocked, id=44280, stack(0x00000000224b0000,0x00000000225b0000)]
  0x000000001c640800 JavaThread "Build operations Thread 5" [_thread_blocked, id=4764, stack(0x00000000223b0000,0x00000000224b0000)]
  0x000000001c63f800 JavaThread "Build operations Thread 4" [_thread_blocked, id=46616, stack(0x0000000022040000,0x0000000022140000)]
  0x000000001c63f000 JavaThread "Build operations Thread 3" [_thread_blocked, id=20236, stack(0x0000000021f40000,0x0000000022040000)]
  0x000000001c63d800 JavaThread "Build operations Thread 2" [_thread_blocked, id=39472, stack(0x0000000021e40000,0x0000000021f40000)]
  0x000000001c63e000 JavaThread "Build operations" [_thread_blocked, id=40852, stack(0x0000000021d40000,0x0000000021e40000)]
  0x000000001945a800 JavaThread "Cache worker for execution history cache (C:\Users\PR20140369\.gradle\caches\6.1.1\executionHistory)" [_thread_blocked, id=46608, stack(0x000000001fe70000,0x000000001ff70000)]
  0x0000000019459800 JavaThread "Cache worker for cache directory md-rule (C:\Users\PR20140369\.gradle\caches\6.1.1\md-rule)" [_thread_blocked, id=22380, stack(0x000000001ead0000,0x000000001ebd0000)]
  0x0000000019457800 JavaThread "Cache worker for cache directory md-supplier (C:\Users\PR20140369\.gradle\caches\6.1.1\md-supplier)" [_thread_blocked, id=3140, stack(0x000000001e730000,0x000000001e830000)]
  0x000000001945c800 JavaThread "Cache worker for file hash cache (C:\Users\PR20140369\MyOrientation\DoMap\.gradle\6.1.1\fileHashes)" [_thread_blocked, id=15160, stack(0x000000001e9d0000,0x000000001ead0000)]
  0x0000000019459000 JavaThread "Cache worker for checksums cache (C:\Users\PR20140369\MyOrientation\DoMap\.gradle\checksums)" [_thread_blocked, id=42392, stack(0x000000001e8d0000,0x000000001e9d0000)]
  0x0000000019458000 JavaThread "Cache worker for file hash cache (C:\Users\PR20140369\.gradle\caches\6.1.1\fileHashes)" [_thread_blocked, id=39088, stack(0x000000001c290000,0x000000001c390000)]
  0x000000001945e000 JavaThread "File lock request listener" [_thread_in_native, id=39824, stack(0x000000001c190000,0x000000001c290000)]
  0x0000000018eb8000 JavaThread "Cache worker for journal cache (C:\Users\PR20140369\.gradle\caches\journal-1)" [_thread_blocked, id=42216, stack(0x000000001c090000,0x000000001c190000)]
  0x0000000018d13800 JavaThread "Thread-9" [_thread_blocked, id=34784, stack(0x000000001bd90000,0x000000001be90000)]
  0x00000000198eb000 JavaThread "Stdin handler" [_thread_blocked, id=25284, stack(0x000000001bc90000,0x000000001bd90000)]
  0x00000000198ed800 JavaThread "Asynchronous log dispatcher for DefaultDaemonConnection: socket connection from /127.0.0.1:59677 to /127.0.0.1:59678" [_thread_blocked, id=34500, stack(0x000000001ba90000,0x000000001bb90000)]
  0x00000000198df000 JavaThread "Daemon worker" [_thread_in_vm, id=1020, stack(0x000000001b990000,0x000000001ba90000)]
  0x0000000019c07000 JavaThread "Cancel handler" [_thread_blocked, id=49504, stack(0x000000001b890000,0x000000001b990000)]
  0x0000000018ec5000 JavaThread "Handler for socket connection from /127.0.0.1:59677 to /127.0.0.1:59678" [_thread_in_native, id=31400, stack(0x000000001b590000,0x000000001b690000)]
  0x0000000018de2000 JavaThread "Daemon" [_thread_blocked, id=45568, stack(0x000000001b490000,0x000000001b590000)]
  0x000000001a6d3800 JavaThread "Daemon periodic checks" [_thread_blocked, id=23432, stack(0x000000001b390000,0x000000001b490000)]
  0x00000000198f7800 JavaThread "Incoming local TCP Connector on port 59677" [_thread_in_native, id=50080, stack(0x000000001b150000,0x000000001b250000)]
  0x000000001a5ca000 JavaThread "Daemon health stats" [_thread_blocked, id=33992, stack(0x0000000019e50000,0x0000000019f50000)]
  0x000000001784b000 JavaThread "Service Thread" daemon [_thread_blocked, id=16300, stack(0x0000000018480000,0x0000000018580000)]
  0x00000000177e0000 JavaThread "C1 CompilerThread3" daemon [_thread_blocked, id=37064, stack(0x0000000018380000,0x0000000018480000)]
=>0x00000000177c5000 JavaThread "C2 CompilerThread2" daemon [_thread_in_native, id=48904, stack(0x0000000018280000,0x0000000018380000)]
  0x00000000177be000 JavaThread "C2 CompilerThread1" daemon [_thread_in_native, id=48224, stack(0x0000000018180000,0x0000000018280000)]
  0x00000000177bc000 JavaThread "C2 CompilerThread0" daemon [_thread_blocked, id=18260, stack(0x0000000018080000,0x0000000018180000)]
  0x00000000177ba000 JavaThread "Attach Listener" daemon [_thread_blocked, id=37536, stack(0x0000000017f80000,0x0000000018080000)]
  0x00000000177b9000 JavaThread "Signal Dispatcher" daemon [_thread_blocked, id=45800, stack(0x0000000017e80000,0x0000000017f80000)]
  0x00000000177a0800 JavaThread "Finalizer" daemon [_thread_blocked, id=30108, stack(0x0000000017c80000,0x0000000017d80000)]
  0x000000001596b800 JavaThread "Reference Handler" daemon [_thread_blocked, id=49776, stack(0x0000000017b80000,0x0000000017c80000)]
  0x0000000002d52800 JavaThread "main" [_thread_blocked, id=3672, stack(0x0000000002c30000,0x0000000002d30000)]

Other Threads:
  0x0000000015967000 VMThread [stack: 0x0000000017680000,0x0000000017780000] [id=33456]
  0x000000001784c000 WatcherThread [stack: 0x0000000018580000,0x0000000018680000] [id=24756]

VM state:not at safepoint (normal execution)

VM Mutex/Monitor currently owned by a thread: None

heap address: 0x00000000c0000000, size: 1024 MB, Compressed Oops mode: 32-bit
Narrow klass base: 0x0000000000000000, Narrow klass shift: 3
Compressed class space size: 1073741824 Address: 0x0000000100000000

Heap:
 PSYoungGen      total 179200K, used 15736K [0x00000000eab00000, 0x00000000f8980000, 0x0000000100000000)
  eden space 166912K, 2% used [0x00000000eab00000,0x00000000eae60e48,0x00000000f4e00000)
  from space 12288K, 99% used [0x00000000f7180000,0x00000000f7d7d320,0x00000000f7d80000)
  to   space 10240K, 0% used [0x00000000f7f80000,0x00000000f7f80000,0x00000000f8980000)
 ParOldGen       total 135168K, used 26589K [0x00000000c0000000, 0x00000000c8400000, 0x00000000eab00000)
  object space 135168K, 19% used [0x00000000c0000000,0x00000000c19f7518,0x00000000c8400000)
 Metaspace       used 54331K, capacity 56236K, committed 56368K, reserved 1097728K
  class space    used 7173K, capacity 7616K, committed 7728K, reserved 1048576K

Card table byte_map: [0x0000000012210000,0x0000000012420000] byte_map_base: 0x0000000011c10000

Marking Bits: (ParMarkBitMap*) 0x0000000051d5f030
 Begin Bits: [0x0000000012d80000, 0x0000000013d80000)
 End Bits:   [0x0000000013d80000, 0x0000000014d80000)

Polling page: 0x0000000000fa0000

CodeCache: size=245760Kb used=17746Kb max_used=17823Kb free=228013Kb
 bounds [0x0000000002e50000, 0x0000000003fd0000, 0x0000000011e50000]
 total_blobs=5612 nmethods=4820 adapters=705
 compilation: enabled

Compilation events (10 events):
Event: 24.338 Thread 0x00000000177bc000 nmethod 5208 0x0000000003f94b50 code [0x0000000003f94c80, 0x0000000003f94d18]
Event: 24.339 Thread 0x00000000177bc000 5209       4       java.nio.HeapByteBuffer::getShort (18 bytes)
Event: 24.342 Thread 0x00000000177bc000 nmethod 5209 0x00000000037afdd0 code [0x00000000037aff20, 0x00000000037b0058]
Event: 24.345 Thread 0x00000000177e0000 nmethod 5210 0x0000000003fc4490 code [0x0000000003fc4c80, 0x0000000003fca0f8]
Event: 24.346 Thread 0x00000000177e0000 5211       3       sun.reflect.ClassFileAssembler::opc_athrow (12 bytes)
Event: 24.347 Thread 0x00000000177e0000 nmethod 5211 0x00000000037a2650 code [0x00000000037a27e0, 0x00000000037a2ae8]
Event: 24.349 Thread 0x00000000177bc000 5212       4       java.lang.Class::arrayContentsEq (70 bytes)
Event: 24.351 Thread 0x00000000177bc000 nmethod 5212 0x00000000033bb910 code [0x00000000033bba40, 0x00000000033bbb18]
Event: 24.389 Thread 0x00000000177e0000 5213       3       com.google.common.base.Preconditions::checkNotNull (14 bytes)
Event: 24.390 Thread 0x00000000177e0000 nmethod 5213 0x000000000375d390 code [0x000000000375d500, 0x000000000375d728]

GC Heap History (10 events):
Event: 15.411 GC heap before
{Heap before GC invocations=7 (full 1):
 PSYoungGen      total 75776K, used 72686K [0x00000000eab00000, 0x00000000f3280000, 0x0000000100000000)
  eden space 65024K, 99% used [0x00000000eab00000,0x00000000eea60fa0,0x00000000eea80000)
  from space 10752K, 72% used [0x00000000eea80000,0x00000000ef21a9b0,0x00000000ef500000)
  to   space 12288K, 0% used [0x00000000f2680000,0x00000000f2680000,0x00000000f3280000)
 ParOldGen       total 89088K, used 7548K [0x00000000c0000000, 0x00000000c5700000, 0x00000000eab00000)
  object space 89088K, 8% used [0x00000000c0000000,0x00000000c075f368,0x00000000c5700000)
 Metaspace       used 32736K, capacity 33596K, committed 33712K, reserved 1079296K
  class space    used 4436K, capacity 4703K, committed 4784K, reserved 1048576K
Event: 15.439 GC heap after
Heap after GC invocations=7 (full 1):
 PSYoungGen      total 126464K, used 8799K [0x00000000eab00000, 0x00000000f3400000, 0x0000000100000000)
  eden space 114176K, 0% used [0x00000000eab00000,0x00000000eab00000,0x00000000f1a80000)
  from space 12288K, 71% used [0x00000000f2680000,0x00000000f2f17dd8,0x00000000f3280000)
  to   space 12288K, 0% used [0x00000000f1a80000,0x00000000f1a80000,0x00000000f2680000)
 ParOldGen       total 89088K, used 7556K [0x00000000c0000000, 0x00000000c5700000, 0x00000000eab00000)
  object space 89088K, 8% used [0x00000000c0000000,0x00000000c0761368,0x00000000c5700000)
 Metaspace       used 32736K, capacity 33596K, committed 33712K, reserved 1079296K
  class space    used 4436K, capacity 4703K, committed 4784K, reserved 1048576K
}
Event: 15.859 GC heap before
{Heap before GC invocations=8 (full 1):
 PSYoungGen      total 126464K, used 24024K [0x00000000eab00000, 0x00000000f3400000, 0x0000000100000000)
  eden space 114176K, 13% used [0x00000000eab00000,0x00000000eb9de5d0,0x00000000f1a80000)
  from space 12288K, 71% used [0x00000000f2680000,0x00000000f2f17dd8,0x00000000f3280000)
  to   space 12288K, 0% used [0x00000000f1a80000,0x00000000f1a80000,0x00000000f2680000)
 ParOldGen       total 89088K, used 7556K [0x00000000c0000000, 0x00000000c5700000, 0x00000000eab00000)
  object space 89088K, 8% used [0x00000000c0000000,0x00000000c0761368,0x00000000c5700000)
 Metaspace       used 34533K, capacity 35390K, committed 35496K, reserved 1079296K
  class space    used 4590K, capacity 4870K, committed 4912K, reserved 1048576K
Event: 15.870 GC heap after
Heap after GC invocations=8 (full 1):
 PSYoungGen      total 126464K, used 7365K [0x00000000eab00000, 0x00000000f8b00000, 0x0000000100000000)
  eden space 114176K, 0% used [0x00000000eab00000,0x00000000eab00000,0x00000000f1a80000)
  from space 12288K, 59% used [0x00000000f1a80000,0x00000000f21b1440,0x00000000f2680000)
  to   space 11776K, 0% used [0x00000000f7f80000,0x00000000f7f80000,0x00000000f8b00000)
 ParOldGen       total 89088K, used 7564K [0x00000000c0000000, 0x00000000c5700000, 0x00000000eab00000)
  object space 89088K, 8% used [0x00000000c0000000,0x00000000c0763368,0x00000000c5700000)
 Metaspace       used 34533K, capacity 35390K, committed 35496K, reserved 1079296K
  class space    used 4590K, capacity 4870K, committed 4912K, reserved 1048576K
}
Event: 15.870 GC heap before
{Heap before GC invocations=9 (full 2):
 PSYoungGen      total 126464K, used 7365K [0x00000000eab00000, 0x00000000f8b00000, 0x0000000100000000)
  eden space 114176K, 0% used [0x00000000eab00000,0x00000000eab00000,0x00000000f1a80000)
  from space 12288K, 59% used [0x00000000f1a80000,0x00000000f21b1440,0x00000000f2680000)
  to   space 11776K, 0% used [0x00000000f7f80000,0x00000000f7f80000,0x00000000f8b00000)
 ParOldGen       total 89088K, used 7564K [0x00000000c0000000, 0x00000000c5700000, 0x00000000eab00000)
  object space 89088K, 8% used [0x00000000c0000000,0x00000000c0763368,0x00000000c5700000)
 Metaspace       used 34533K, capacity 35390K, committed 35496K, reserved 1079296K
  class space    used 4590K, capacity 4870K, committed 4912K, reserved 1048576K
Event: 15.948 GC heap after
Heap after GC invocations=9 (full 2):
 PSYoungGen      total 126464K, used 0K [0x00000000eab00000, 0x00000000f8b00000, 0x0000000100000000)
  eden space 114176K, 0% used [0x00000000eab00000,0x00000000eab00000,0x00000000f1a80000)
  from space 12288K, 0% used [0x00000000f1a80000,0x00000000f1a80000,0x00000000f2680000)
  to   space 11776K, 0% used [0x00000000f7f80000,0x00000000f7f80000,0x00000000f8b00000)
 ParOldGen       total 135168K, used 14275K [0x00000000c0000000, 0x00000000c8400000, 0x00000000eab00000)
  object space 135168K, 10% used [0x00000000c0000000,0x00000000c0df0c20,0x00000000c8400000)
 Metaspace       used 34521K, capacity 35374K, committed 35496K, reserved 1079296K
  class space    used 4586K, capacity 4866K, committed 4912K, reserved 1048576K
}
Event: 19.211 GC heap before
{Heap before GC invocations=10 (full 2):
 PSYoungGen      total 126464K, used 114176K [0x00000000eab00000, 0x00000000f8b00000, 0x0000000100000000)
  eden space 114176K, 100% used [0x00000000eab00000,0x00000000f1a80000,0x00000000f1a80000)
  from space 12288K, 0% used [0x00000000f1a80000,0x00000000f1a80000,0x00000000f2680000)
  to   space 11776K, 0% used [0x00000000f7f80000,0x00000000f7f80000,0x00000000f8b00000)
 ParOldGen       total 135168K, used 14275K [0x00000000c0000000, 0x00000000c8400000, 0x00000000eab00000)
  object space 135168K, 10% used [0x00000000c0000000,0x00000000c0df0c20,0x00000000c8400000)
 Metaspace       used 39683K, capacity 40878K, committed 41008K, reserved 1085440K
  class space    used 5335K, capacity 5638K, committed 5680K, reserved 1048576K
Event: 19.225 GC heap after
Heap after GC invocations=10 (full 2):
 PSYoungGen      total 177152K, used 10228K [0x00000000eab00000, 0x00000000f8980000, 0x0000000100000000)
  eden space 166912K, 0% used [0x00000000eab00000,0x00000000eab00000,0x00000000f4e00000)
  from space 10240K, 99% used [0x00000000f7f80000,0x00000000f897d098,0x00000000f8980000)
  to   space 12288K, 0% used [0x00000000f7180000,0x00000000f7180000,0x00000000f7d80000)
 ParOldGen       total 135168K, used 14283K [0x00000000c0000000, 0x00000000c8400000, 0x00000000eab00000)
  object space 135168K, 10% used [0x00000000c0000000,0x00000000c0df2c20,0x00000000c8400000)
 Metaspace       used 39683K, capacity 40878K, committed 41008K, reserved 1085440K
  class space    used 5335K, capacity 5638K, committed 5680K, reserved 1048576K
}
Event: 24.196 GC heap before
{Heap before GC invocations=11 (full 2):
 PSYoungGen      total 177152K, used 177140K [0x00000000eab00000, 0x00000000f8980000, 0x0000000100000000)
  eden space 166912K, 100% used [0x00000000eab00000,0x00000000f4e00000,0x00000000f4e00000)
  from space 10240K, 99% used [0x00000000f7f80000,0x00000000f897d098,0x00000000f8980000)
  to   space 12288K, 0% used [0x00000000f7180000,0x00000000f7180000,0x00000000f7d80000)
 ParOldGen       total 135168K, used 14283K [0x00000000c0000000, 0x00000000c8400000, 0x00000000eab00000)
  object space 135168K, 10% used [0x00000000c0000000,0x00000000c0df2c20,0x00000000c8400000)
 Metaspace       used 53841K, capacity 55710K, committed 55984K, reserved 1097728K
  class space    used 7106K, capacity 7537K, committed 7600K, reserved 1048576K
Event: 24.256 GC heap after
Heap after GC invocations=11 (full 2):
 PSYoungGen      total 179200K, used 12276K [0x00000000eab00000, 0x00000000f8980000, 0x0000000100000000)
  eden space 166912K, 0% used [0x00000000eab00000,0x00000000eab00000,0x00000000f4e00000)
  from space 12288K, 99% used [0x00000000f7180000,0x00000000f7d7d320,0x00000000f7d80000)
  to   space 10240K, 0% used [0x00000000f7f80000,0x00000000f7f80000,0x00000000f8980000)
 ParOldGen       total 135168K, used 26589K [0x00000000c0000000, 0x00000000c8400000, 0x00000000eab00000)
  object space 135168K, 19% used [0x00000000c0000000,0x00000000c19f7518,0x00000000c8400000)
 Metaspace       used 53841K, capacity 55710K, committed 55984K, reserved 1097728K
  class space    used 7106K, capacity 7537K, committed 7600K, reserved 1048576K
}

Deoptimization events (10 events):
Event: 22.250 Thread 0x00000000198df000 Uncommon trap: reason=unstable_if action=reinterpret pc=0x000000000337c6f0 method=java.util.jar.JarFile.maybeInstantiateVerifier()V @ 4
Event: 22.250 Thread 0x00000000198df000 Uncommon trap: reason=unstable_if action=reinterpret pc=0x0000000003a66348 method=java.util.jar.JarFile.maybeInstantiateVerifier()V @ 4
Event: 22.250 Thread 0x00000000198df000 Uncommon trap: reason=unstable_if action=reinterpret pc=0x0000000003d0b010 method=java.security.CodeSource.matchCerts(Ljava/security/CodeSource;Z)Z @ 11
Event: 22.251 Thread 0x00000000198df000 Uncommon trap: reason=unstable_if action=reinterpret pc=0x0000000003c86228 method=java.lang.ClassLoader.compareCerts([Ljava/security/cert/Certificate;[Ljava/security/cert/Certificate;)Z @ 1
Event: 22.292 Thread 0x00000000198df000 Uncommon trap: reason=unstable_if action=reinterpret pc=0x0000000003a68b94 method=java.util.LinkedHashMap.get(Ljava/lang/Object;)Ljava/lang/Object; @ 20
Event: 22.360 Thread 0x00000000198df000 Uncommon trap: reason=unstable_if action=reinterpret pc=0x00000000039faa28 method=java.security.CodeSource.matchCerts(Ljava/security/CodeSource;Z)Z @ 11
Event: 22.693 Thread 0x00000000198df000 Uncommon trap: reason=unstable_if action=reinterpret pc=0x0000000003c902b4 method=groovy.lang.MetaClassImpl.filterPropertyMethod(Ljava/lang/Object;ZZ)Ljava/lang/Object; @ 192
Event: 23.351 Thread 0x00000000198df000 Uncommon trap: reason=unstable_if action=reinterpret pc=0x0000000003d521c0 method=org.gradle.internal.reflect.PropertyAccessorType.of(Ljava/lang/reflect/Method;)Lorg/gradle/internal/reflect/PropertyAccessorType; @ 56
Event: 23.803 Thread 0x00000000198df000 Uncommon trap: reason=unstable_if action=reinterpret pc=0x0000000003de6df0 method=org.gradle.internal.instantiation.generator.AbstractClassGenerator$InjectionAnnotationValidator.validateMethod(Ljava/lang/reflect/Method;Lorg/gradle/internal/reflect/Propert
Event: 23.804 Thread 0x00000000198df000 Uncommon trap: reason=unstable_if action=reinterpret pc=0x0000000003de4930 method=org.gradle.internal.instantiation.generator.AbstractClassGenerator$InjectionAnnotationValidator.validateMethod(Ljava/lang/reflect/Method;Lorg/gradle/internal/reflect/Propert

Classes redefined (0 events):
No events

Internal exceptions (10 events):
Event: 24.071 Thread 0x00000000198df000 Exception <a 'java/lang/ClassNotFoundException': build_1mw6baistcijhha4r3rvtttmh$_run_closure1BeanInfo> (0x00000000f47d1dc8) thrown at [C:\src\AOSP-openjdk-git\hotspot\src\share\vm\classfile\systemDictionary.cpp, line 210]
Event: 24.073 Thread 0x00000000198df000 Exception <a 'java/lang/ClassNotFoundException': build_1mw6baistcijhha4r3rvtttmh$_run_closure1Customizer> (0x00000000f47e36e8) thrown at [C:\src\AOSP-openjdk-git\hotspot\src\share\vm\classfile\systemDictionary.cpp, line 210]
Event: 24.096 Thread 0x00000000198df000 Exception <a 'java/lang/ClassNotFoundException': org/gradle/api/internal/file/collections/DefaultConfigurableFileTreeBeanInfo> (0x00000000f497c748) thrown at [C:\src\AOSP-openjdk-git\hotspot\src\share\vm\classfile\systemDictionary.cpp, line 210]
Event: 24.098 Thread 0x00000000198df000 Exception <a 'java/lang/ClassNotFoundException': org/gradle/api/internal/file/CompositeFileTreeBeanInfo> (0x00000000f49b6610) thrown at [C:\src\AOSP-openjdk-git\hotspot\src\share\vm\classfile\systemDictionary.cpp, line 210]
Event: 24.101 Thread 0x00000000198df000 Exception <a 'java/lang/ClassNotFoundException': org/gradle/api/internal/file/CompositeFileCollectionBeanInfo> (0x00000000f49f4c78) thrown at [C:\src\AOSP-openjdk-git\hotspot\src\share\vm\classfile\systemDictionary.cpp, line 210]
Event: 24.102 Thread 0x00000000198df000 Exception <a 'java/lang/ClassNotFoundException': org/gradle/api/internal/file/AbstractFileCollectionBeanInfo> (0x00000000f4a33620) thrown at [C:\src\AOSP-openjdk-git\hotspot\src\share\vm\classfile\systemDictionary.cpp, line 210]
Event: 24.104 Thread 0x00000000198df000 Exception <a 'java/lang/ClassNotFoundException': org/gradle/api/internal/file/AbstractFileCollectionCustomizer> (0x00000000f4a72c68) thrown at [C:\src\AOSP-openjdk-git\hotspot\src\share\vm\classfile\systemDictionary.cpp, line 210]
Event: 24.107 Thread 0x00000000198df000 Exception <a 'java/lang/ClassNotFoundException': org/gradle/api/internal/file/CompositeFileCollectionCustomizer> (0x00000000f4ac3580) thrown at [C:\src\AOSP-openjdk-git\hotspot\src\share\vm\classfile\systemDictionary.cpp, line 210]
Event: 24.109 Thread 0x00000000198df000 Exception <a 'java/lang/ClassNotFoundException': org/gradle/api/internal/file/CompositeFileTreeCustomizer> (0x00000000f4b0dcf0) thrown at [C:\src\AOSP-openjdk-git\hotspot\src\share\vm\classfile\systemDictionary.cpp, line 210]
Event: 24.111 Thread 0x00000000198df000 Exception <a 'java/lang/ClassNotFoundException': org/gradle/api/internal/file/collections/DefaultConfigurableFileTreeCustomizer> (0x00000000f4b64a68) thrown at [C:\src\AOSP-openjdk-git\hotspot\src\share\vm\classfile\systemDictionary.cpp, line 210]

Events (10 events):
Event: 24.412 loading class com/android/build/gradle/internal/scope/InternalArtifactType$FEATURE_SET_METADATA
Event: 24.412 loading class com/android/build/gradle/internal/scope/InternalArtifactType$FEATURE_SET_METADATA done
Event: 24.412 loading class com/android/build/gradle/internal/scope/InternalArtifactType$BASE_MODULE_METADATA
Event: 24.412 loading class com/android/build/gradle/internal/scope/InternalArtifactType$BASE_MODULE_METADATA done
Event: 24.413 loading class com/android/build/gradle/internal/scope/InternalArtifactType$SIGNING_CONFIG
Event: 24.413 loading class com/android/build/gradle/internal/scope/InternalArtifactType$SIGNING_CONFIG done
Event: 24.413 loading class com/android/build/gradle/internal/publishing/PublishingSpecs$Companion$1$1
Event: 24.413 loading class com/android/build/gradle/internal/publishing/PublishingSpecs$Companion$1$1 done
Event: 24.418 loading class com/android/build/gradle/internal/publishing/PublishingSpecs$Companion$1$2
Event: 24.418 loading class com/android/build/gradle/internal/publishing/PublishingSpecs$Companion$1$2 done


Dynamic libraries:
0x00007ff74b2d0000 - 0x00007ff74b301000 	C:\Users\PR20140369\Softwares\Android Studio\android-studio-ide-193.6821437-windows\android-studio\jre\bin\java.exe
0x00007ffeb47e0000 - 0x00007ffeb49d0000 	C:\Windows\SYSTEM32\ntdll.dll
0x00007ffeb3c40000 - 0x00007ffeb3cf2000 	C:\Windows\System32\KERNEL32.DLL
0x00007ffeb22e0000 - 0x00007ffeb2585000 	C:\Windows\System32\KERNELBASE.dll
0x00007ffeb3a90000 - 0x00007ffeb3b33000 	C:\Windows\System32\ADVAPI32.dll
0x00007ffeb3ba0000 - 0x00007ffeb3c3e000 	C:\Windows\System32\msvcrt.dll
0x00007ffeb39f0000 - 0x00007ffeb3a87000 	C:\Windows\System32\sechost.dll
0x00007ffeb3d70000 - 0x00007ffeb3e90000 	C:\Windows\System32\RPCRT4.dll
0x00007ffeb3e90000 - 0x00007ffeb4024000 	C:\Windows\System32\USER32.dll
0x00007ffeb1840000 - 0x00007ffeb1861000 	C:\Windows\System32\win32u.dll
0x00007ffeb39c0000 - 0x00007ffeb39e6000 	C:\Windows\System32\GDI32.dll
0x00007ffeb1870000 - 0x00007ffeb1a06000 	C:\Windows\System32\gdi32full.dll
0x00007ffeb2710000 - 0x00007ffeb27ae000 	C:\Windows\System32\msvcp_win.dll
0x00007ffeb2190000 - 0x00007ffeb228a000 	C:\Windows\System32\ucrtbase.dll
0x00007ffeb0b90000 - 0x00007ffeb0e14000 	C:\Windows\WinSxS\amd64_microsoft.windows.common-controls_6595b64144ccf1df_6.0.18362.1139_none_9e7bf2d3e4605ac6\COMCTL32.dll
0x00007ffeb3390000 - 0x00007ffeb36c5000 	C:\Windows\System32\combase.dll
0x00007ffeb2810000 - 0x00007ffeb2890000 	C:\Windows\System32\bcryptPrimitives.dll
0x00007ffeb2d00000 - 0x00007ffeb2d2e000 	C:\Windows\System32\IMM32.DLL
0x0000000002760000 - 0x0000000002772000 	C:\Windows\System32\umppc11809.dll
0x00007ffe92cf0000 - 0x00007ffe92da3000 	C:\Program Files\McAfee\Endpoint Security\Threat Prevention\Ips\EpMPApi.dll
0x00007ffeb27b0000 - 0x00007ffeb280c000 	C:\Windows\System32\WINTRUST.dll
0x00007ffeb16d0000 - 0x00007ffeb16e2000 	C:\Windows\System32\MSASN1.dll
0x00007ffeb25c0000 - 0x00007ffeb2709000 	C:\Windows\System32\CRYPT32.dll
0x0000000054e20000 - 0x0000000054e2c000 	C:\Program Files\McAfee\Endpoint Security\Threat Prevention\Ips\EpMPThe.dll
0x00007ffe811b0000 - 0x00007ffe811ff000 	C:\Program Files\McAfee\Endpoint Security\Threat Prevention\Ips\HIPHandlers64.dll
0x00007ffeb3960000 - 0x00007ffeb39b2000 	C:\Windows\System32\SHLWAPI.dll
0x00007ffeb1170000 - 0x00007ffeb1364000 	C:\Windows\SYSTEM32\dbghelp.dll
0x0000000051de0000 - 0x0000000051eb2000 	C:\Users\PR20140369\Softwares\Android Studio\android-studio-ide-193.6821437-windows\android-studio\jre\jre\bin\msvcr100.dll
0x0000000051590000 - 0x0000000051ddb000 	C:\Users\PR20140369\Softwares\Android Studio\android-studio-ide-193.6821437-windows\android-studio\jre\jre\bin\server\jvm.dll
0x00007ffeb2910000 - 0x00007ffeb2918000 	C:\Windows\System32\PSAPI.DLL
0x00007ffe77da0000 - 0x00007ffe77da9000 	C:\Windows\SYSTEM32\WSOCK32.dll
0x00007ffeb3d00000 - 0x00007ffeb3d6f000 	C:\Windows\System32\WS2_32.dll
0x00007ffea9f40000 - 0x00007ffea9f64000 	C:\Windows\SYSTEM32\WINMM.dll
0x00007ffeaf580000 - 0x00007ffeaf58a000 	C:\Windows\SYSTEM32\VERSION.dll
0x00007ffea9e20000 - 0x00007ffea9e4d000 	C:\Windows\SYSTEM32\WINMMBASE.dll
0x00007ffeb2290000 - 0x00007ffeb22da000 	C:\Windows\System32\cfgmgr32.dll
0x00007ffeaf940000 - 0x00007ffeaf94f000 	C:\Users\PR20140369\Softwares\Android Studio\android-studio-ide-193.6821437-windows\android-studio\jre\jre\bin\verify.dll
0x00007ffe8d250000 - 0x00007ffe8d279000 	C:\Users\PR20140369\Softwares\Android Studio\android-studio-ide-193.6821437-windows\android-studio\jre\jre\bin\java.dll
0x00007ffe8d850000 - 0x00007ffe8d866000 	C:\Users\PR20140369\Softwares\Android Studio\android-studio-ide-193.6821437-windows\android-studio\jre\jre\bin\zip.dll
0x00007ffeb40b0000 - 0x00007ffeb4797000 	C:\Windows\System32\SHELL32.dll
0x00007ffeb2d30000 - 0x00007ffeb2dd9000 	C:\Windows\System32\shcore.dll
0x00007ffeb1a10000 - 0x00007ffeb2190000 	C:\Windows\System32\windows.storage.dll
0x00007ffeb16f0000 - 0x00007ffeb1713000 	C:\Windows\System32\profapi.dll
0x00007ffeb1720000 - 0x00007ffeb176a000 	C:\Windows\System32\powrprof.dll
0x00007ffeb16a0000 - 0x00007ffeb16b0000 	C:\Windows\System32\UMPDC.dll
0x00007ffeb16b0000 - 0x00007ffeb16c1000 	C:\Windows\System32\kernel.appcore.dll
0x00007ffeb1820000 - 0x00007ffeb1837000 	C:\Windows\System32\cryptsp.dll
0x00007ffe8d140000 - 0x00007ffe8d15a000 	C:\Users\PR20140369\Softwares\Android Studio\android-studio-ide-193.6821437-windows\android-studio\jre\jre\bin\net.dll
0x00007ffeb09d0000 - 0x00007ffeb0a37000 	C:\Windows\system32\mswsock.dll
0x00007ffe86550000 - 0x00007ffe86563000 	C:\Users\PR20140369\Softwares\Android Studio\android-studio-ide-193.6821437-windows\android-studio\jre\jre\bin\nio.dll
0x00007ffe7c780000 - 0x00007ffe7c7a6000 	C:\Users\PR20140369\.gradle\native\31\windows-amd64\native-platform.dll
0x00007ffead320000 - 0x00007ffead32d000 	C:\Users\PR20140369\Softwares\Android Studio\android-studio-ide-193.6821437-windows\android-studio\jre\jre\bin\management.dll
0x00007ffeb0170000 - 0x00007ffeb01a3000 	C:\Windows\system32\rsaenh.dll
0x00007ffeb2590000 - 0x00007ffeb25b6000 	C:\Windows\System32\bcrypt.dll
0x00007ffeb1580000 - 0x00007ffeb15a5000 	C:\Windows\SYSTEM32\USERENV.dll
0x00007ffeb0ab0000 - 0x00007ffeb0abc000 	C:\Windows\SYSTEM32\CRYPTBASE.dll
0x00007ffeb0580000 - 0x00007ffeb05ba000 	C:\Windows\SYSTEM32\IPHLPAPI.DLL
0x00007ffeb4030000 - 0x00007ffeb4038000 	C:\Windows\System32\NSI.dll
0x00007ffea7ff0000 - 0x00007ffea8006000 	C:\Windows\SYSTEM32\dhcpcsvc6.DLL
0x00007ffea7f10000 - 0x00007ffea7f2c000 	C:\Windows\SYSTEM32\dhcpcsvc.DLL
0x00007ffeb05c0000 - 0x00007ffeb068b000 	C:\Windows\SYSTEM32\DNSAPI.dll

VM Arguments:
jvm_args: -Xmx1024m -Dfile.encoding=windows-1252 -Duser.country=IN -Duser.language=en -Duser.variant 
java_command: org.gradle.launcher.daemon.bootstrap.GradleDaemon 6.1.1
java_class_path (initial): C:\Users\PR20140369\.gradle\wrapper\dists\gradle-6.1.1-all\cfmwm155h49vnt3hynmlrsdst\gradle-6.1.1\lib\gradle-launcher-6.1.1.jar
Launcher Type: SUN_STANDARD

Environment Variables:
JAVA_HOME=C:\Users\PR20140369\Softwares\jdk_ri-8u40-b25-windows-i586-10_feb_2015\java-se-8u40-ri
PATH=C:\Windows\system32;C:\Windows;C:\Windows\System32\Wbem;C:\Windows\System32\WindowsPowerShell\v1.0\;C:\Windows\System32\OpenSSH\;C:\Users\PR20140369\Anaconda3;C:\Users\PR20140369\Anaconda3\Library\mingw-w64\bin;C:\Users\PR20140369\Anaconda3\Library\usr\bin;C:\Users\PR20140369\Anaconda3\Library\bin;C:\Users\PR20140369\Anaconda3\Scripts;C:\Users\PR20140369\AppData\Local\Microsoft\WindowsApps;C:\Users\PR20140369\Softwares\aws-cli-1.17.9\aws-cli-1.17.9\bin;C:\Users\PR20140369\Softwares\eclipse-jee-2019-12-R-win32-x86_64\eclipse;C:\Users\PR20140369\Softwares\npp.7.8.3.bin;C:\Users\PR20140369\Softwares\robo3t-1.3.1-windows-x86_64-7419c406\robo3t-1.3.1-windows-x86_64-7419c406;C:\Users\PR20140369\Softwares\apache-maven-3.6.3-bin\apache-maven-3.6.3\bin;C:\Users\PR20140369\AppData\Local\Programs\Git\cmd;C:\Users\PR20140369\Downloads\7-ZipPortable;C:\Users\PR20140369\Softwares\terraform_0.12.21_windows_amd64;C:\Users\PR20140369\Softwares\gradle-6.3-bin\gradle-6.3\bin;C:\Users\PR20140369\Softwares\node-v14.13.1-win-x64\node-v14.13.1-win-x64;C:\Users\PR20140369\Softwares\hadoop-3.1.3\bin;C:\Users\PR20140369\Softwares\hadoop-3.1.3\sbin;C:\Users\PR20140369\Softwares\helm-v3.2.3-windows-amd64\windows-amd64;C:\Users\PR20140369\Softwares\ELK\Kibana\kibana-7.8.0-windows-x86_64\kibana-7.8.0-windows-x86_64\bin;C:\Users\PR20140369\Softwares\jdk_ri-8u40-b25-windows-i586-10_feb_2015\java-se-8u40-ri\bin;C:\Users\PR20140369\Softwares\ELK\Logstash\logstash-7.8.0\logstash-7.8.0\bin;C:\Users\PR20140369\Softwares\ELK\elasticsearch-7.8.0-windows-x86_64\elasticsearch-7.8.0\bin;C:\Users\PR20140369\AppData\Local\Programs\Microsoft VS Code\bin;C:\Users\PR20140369\AppData\Local\Programs\Microsoft VS Code Insiders\bin;C:\Users\PR20140369\Softwares\mongodb-win32-x86_64-2012plus-4.2.8\bin;
USERNAME=PR20140369
OS=Windows_NT
PROCESSOR_IDENTIFIER=Intel64 Family 6 Model 142 Stepping 12, GenuineIntel



---------------  S Y S T E M  ---------------

OS: Windows 10.0 , 64 bit Build 18362 (10.0.18362.1110)

CPU:total 8 (initial active 8) (4 cores per cpu, 2 threads per core) family 6 model 142 stepping 12, cmov, cx8, fxsr, mmx, sse, sse2, sse3, ssse3, sse4.1, sse4.2, popcnt, avx, avx2, aes, clmul, erms, rtm, 3dnowpref, lzcnt, ht, tsc, tscinvbit, bmi1, bmi2, adx

Memory: 4k page, physical 16550804k(4035640k free), swap 66882452k(5344k free)

vm_info: OpenJDK 64-Bit Server VM (25.242-b01) for windows-amd64 JRE (1.8.0_242-release-1644-b01), built by "builder" with MS VC++ 10.0 (VS2010)

time: Mon Oct 26 14:42:07 2020
timezone: India Standard Time
elapsed time: 24 seconds (0d 0h 0m 24s)

